<?xml version="1.0" encoding="UTF-8" ?>
<testsuite tests="1" failures="0" name="org.example.HelloTest" time="0.005" errors="0" skipped="0">
  <properties>
    <property name="idea.plugins.compatible.build" value="999.SNAPSHOT"/>
    <property name="java.runtime.name" value="OpenJDK Runtime Environment"/>
    <property name="sun.boot.library.path" value="C:\Users\Tim\.jdks\corretto-1.8.0_352\jre\bin"/>
    <property name="java.vm.version" value="25.352-b08"/>
    <property name="maven.multiModuleProjectDirectory" value="C:\Users\Tim\Documents\development\projects\personal\java\algos\algorithms"/>
    <property name="java.vm.vendor" value="Amazon.com Inc."/>
    <property name="java.vendor.url" value="https://aws.amazon.com/corretto/"/>
    <property name="path.separator" value=";"/>
    <property name="guice.disable.misplaced.annotation.check" value="true"/>
    <property name="java.vm.name" value="OpenJDK 64-Bit Server VM"/>
    <property name="file.encoding.pkg" value="sun.io"/>
    <property name="sun.os.patch.level" value=""/>
    <property name="user.script" value=""/>
    <property name="sun.java.launcher" value="SUN_STANDARD"/>
    <property name="user.country" value="GB"/>
    <property name="user.dir" value="C:\Users\Tim\Documents\development\projects\personal\java\algos\algorithms"/>
    <property name="java.vm.specification.name" value="Java Virtual Machine Specification"/>
    <property name="java.runtime.version" value="1.8.0_352-b08"/>
    <property name="java.awt.graphicsenv" value="sun.awt.Win32GraphicsEnvironment"/>
    <property name="idea.io.use.nio2" value="true"/>
    <property name="os.arch" value="amd64"/>
    <property name="java.endorsed.dirs" value="C:\Users\Tim\.jdks\corretto-1.8.0_352\jre\lib\endorsed"/>
    <property name="line.separator" value="
"/>
    <property name="java.io.tmpdir" value="C:\Users\Tim\AppData\Local\Temp\"/>
    <property name="java.vm.specification.vendor" value="Oracle Corporation"/>
    <property name="user.variant" value=""/>
    <property name="os.name" value="Windows 10"/>
    <property name="classworlds.conf" value="C:\ProgramData\chocolatey\lib\maven\apache-maven-3.8.6\bin\m2.conf"/>
    <property name="ide.hide.excluded.files" value="false"/>
    <property name="sun.jnu.encoding" value="Cp1252"/>
    <property name="java.library.path" value="C:\Users\Tim\.jdks\corretto-1.8.0_352\bin;C:\WINDOWS\Sun\Java\bin;C:\WINDOWS\system32;C:\WINDOWS;C:\Program Files (x86)\VMware\VMware Player\bin\;C:\Python310\Scripts\;C:\Python310\;C:\WINDOWS\system32;C:\WINDOWS;C:\WINDOWS\System32\Wbem;C:\WINDOWS\System32\WindowsPowerShell\v1.0\;C:\WINDOWS\System32\OpenSSH\;C:\Users\Tim\Documents\development\Git\cmd;C:\Users\Tim\Documents\development\flutter\flutter\bin;C:\Users\Tim\Documents\development\ScaResolver-win64;C:\Users\Tim\AppData\Local\Android\Sdk\platform-tools;C:\Users\Tim\Documents\development\aws_connect;C:\Users\Tim\Documents\development\aws_cli\;C:\ProgramData\chocolatey\bin;C:\Users\Tim\AppData\Local\Android\Sdk\build-tools\33.0.0;C:\Users\Tim\Documents\development\nvm;C:\Users\Tim\Documents\development\nodejs;C:\Users\Tim\Documents\development\nodejs\node_modules\npm;C:\ProgramData\chocolatey\lib\maven\apache-maven-3.8.6\bin;C:\Users\Tim\Documents\development\android_studio\jre;C:\Program Files\Docker\Docker\resources\bin;C:\ProgramData\DockerDesktop\version-bin;C:\Users\Tim\AppData\Local\Android\Sdk\tools\bin;C:\Users\Tim\AppData\Local\Android\Sdk;C:\Users\Tim\AppData\Local\Microsoft\WindowsApps;C:\Users\Tim\AppData\Local\atom\bin;C:\Users\Tim\.jdks\corretto-1.8.0_352\bin;C:\Users\Tim\Documents\development\nvm;C:\Users\Tim\Documents\development\nodejs;C:\Users\Tim\Documents\development\vs_code\Microsoft VS Code\bin;;C:\Users\Tim\AppData\Local\Microsoft\WindowsApps;."/>
    <property name="psi.track.invalidation" value="true"/>
    <property name="maven.conf" value="C:\ProgramData\chocolatey\lib\maven\apache-maven-3.8.6/conf"/>
    <property name="java.specification.name" value="Java Platform API Specification"/>
    <property name="java.class.version" value="52.0"/>
    <property name="sun.management.compiler" value="HotSpot 64-Bit Tiered Compilers"/>
    <property name="project.structure.add.tools.jar.to.new.jdk" value="false"/>
    <property name="os.version" value="10.0"/>
    <property name="psi.incremental.reparse.depth.limit" value="1000"/>
    <property name="library.jansi.path" value="C:\ProgramData\chocolatey\lib\maven\apache-maven-3.8.6\lib\jansi-native"/>
    <property name="user.home" value="C:\Users\Tim"/>
    <property name="user.timezone" value="Europe/London"/>
    <property name="java.awt.printerjob" value="sun.awt.windows.WPrinterJob"/>
    <property name="java.specification.version" value="1.8"/>
    <property name="file.encoding" value="Cp1252"/>
    <property name="java.class.path" value="C:\ProgramData\chocolatey\lib\maven\apache-maven-3.8.6\boot\plexus-classworlds-2.6.0.jar"/>
    <property name="user.name" value="Tim"/>
    <property name="java.vm.specification.version" value="1.8"/>
    <property name="sun.java.command" value="org.codehaus.plexus.classworlds.launcher.Launcher test"/>
    <property name="sun.arch.data.model" value="64"/>
    <property name="java.home" value="C:\Users\Tim\.jdks\corretto-1.8.0_352\jre"/>
    <property name="ast.loading.filter" value="false"/>
    <property name="java.specification.vendor" value="Oracle Corporation"/>
    <property name="user.language" value="en"/>
    <property name="awt.toolkit" value="sun.awt.windows.WToolkit"/>
    <property name="java.vm.info" value="mixed mode"/>
    <property name="java.version" value="1.8.0_352"/>
    <property name="java.ext.dirs" value="C:\Users\Tim\.jdks\corretto-1.8.0_352\jre\lib\ext;C:\WINDOWS\Sun\Java\lib\ext"/>
    <property name="sun.boot.class.path" value="C:\Users\Tim\.jdks\corretto-1.8.0_352\jre\lib\resources.jar;C:\Users\Tim\.jdks\corretto-1.8.0_352\jre\lib\rt.jar;C:\Users\Tim\.jdks\corretto-1.8.0_352\jre\lib\sunrsasign.jar;C:\Users\Tim\.jdks\corretto-1.8.0_352\jre\lib\jsse.jar;C:\Users\Tim\.jdks\corretto-1.8.0_352\jre\lib\jce.jar;C:\Users\Tim\.jdks\corretto-1.8.0_352\jre\lib\charsets.jar;C:\Users\Tim\.jdks\corretto-1.8.0_352\jre\lib\jfr.jar;C:\Users\Tim\.jdks\corretto-1.8.0_352\jre\classes"/>
    <property name="sun.stderr.encoding" value="cp850"/>
    <property name="java.vendor" value="Amazon.com Inc."/>
    <property name="maven.home" value="C:\ProgramData\chocolatey\lib\maven\apache-maven-3.8.6"/>
    <property name="java.specification.maintenance.version" value="4"/>
    <property name="file.separator" value="\"/>
    <property name="java.vendor.url.bug" value="https://github.com/corretto/corretto-8/issues/"/>
    <property name="sun.cpu.endian" value="little"/>
    <property name="sun.io.unicode.encoding" value="UnicodeLittle"/>
    <property name="idea.ignore.disabled.plugins" value="true"/>
    <property name="sun.stdout.encoding" value="cp850"/>
    <property name="sun.desktop" value="windows"/>
    <property name="sun.cpu.isalist" value="amd64"/>
  </properties>
  <testcase classname="org.example.HelloTest" name="runTest" time="0.005"/>
</testsuite>